Build started 15.06.2018 18:32:40.
     1>Project "C:\VisualCStudy\UserThreads\UserThreads.vcxproj" on node 2 (build target(s)).
     1>InitializeBuildStatus:
         Creating ".\Debug\UserThreads.unsuccessfulbuild" because "AlwaysCreate" was specified.
       ClCompile:
         All outputs are up-to-date.
         C:\Program Files\Microsoft Visual Studio 10.0\VC\bin\CL.exe /c /IC:\boost_1_57_0 /ZI /nologo /W3 /WX- /Od /Oy- /D WIN32 /D _DEBUG /D _WINDOWS /D _VC80_UPGRADE=0x0600 /D _MBCS /D _ATL_STATIC_REGISTRY /D _AFXDLL /Gm /EHsc /RTC1 /MDd /GS /fp:precise /Zc:wchar_t /Zc:forScope /Yu"stdafx.h" /Fp".\Debug/UserThreads.pch" /Fo".\Debug/" /Fd".\Debug/vc100.pdb" /FR".\Debug\\" /Gd /TP /analyze- /errorReport:prompt CashPrinter.cpp CheckDoc.cpp DlgEnterCash.cpp MainFrm.cpp PPLAPrinter.cpp ReturnDoc.cpp UserThreads.cpp UserThreadsView.cpp
         UserThreadsView.cpp
         UserThreads.cpp
         ReturnDoc.cpp
         PPLAPrinter.cpp
         DlgEnterCash.cpp
         CheckDoc.cpp
     1>c:\program files\microsoft visual studio 10.0\vc\include\xutility(2227): warning C4996: 'std::_Copy_impl': Function call with parameters that may be unsafe - this call relies on the caller to check that the passed values are correct. To disable this warning, use -D_SCL_SECURE_NO_WARNINGS. See documentation on how to use Visual C++ 'Checked Iterators'
                 c:\program files\microsoft visual studio 10.0\vc\include\xutility(2212) : see declaration of 'std::_Copy_impl'
                 c:\boost_1_57_0\boost\algorithm\string\detail\classification.hpp(102) : see reference to function template instantiation '_OutIt std::copy<std::_String_const_iterator<_Elem,_Traits,_Alloc>,wchar_t*>(_InIt,_InIt,_OutIt)' being compiled
                 with
                 [
                     _OutIt=wchar_t *,
                     _Elem=wchar_t,
                     _Traits=std::char_traits<wchar_t>,
                     _Alloc=std::allocator<wchar_t>,
                     _InIt=std::_String_const_iterator<wchar_t,std::char_traits<wchar_t>,std::allocator<wchar_t>>
                 ]
                 c:\boost_1_57_0\boost\algorithm\string\classification.hpp(206) : see reference to function template instantiation 'boost::algorithm::detail::is_any_ofF<CharT>::is_any_ofF<boost::iterator_range<IteratorT>>(const RangeT &)' being compiled
                 with
                 [
                     CharT=wchar_t,
                     IteratorT=std::_String_const_iterator<wchar_t,std::char_traits<wchar_t>,std::allocator<wchar_t>>,
                     RangeT=boost::iterator_range<std::_String_const_iterator<wchar_t,std::char_traits<wchar_t>,std::allocator<wchar_t>>>
                 ]
                 c:\visualcstudy\userthreads\searchstrategy.h(140) : see reference to function template instantiation 'boost::algorithm::detail::is_any_ofF<CharT> boost::algorithm::is_any_of<std::basic_string<_Elem,_Traits,_Ax>>(const RangeT &)' being compiled
                 with
                 [
                     CharT=wchar_t,
                     _Elem=wchar_t,
                     _Traits=std::char_traits<wchar_t>,
                     _Ax=std::allocator<wchar_t>,
                     RangeT=std::basic_string<wchar_t,std::char_traits<wchar_t>,std::allocator<wchar_t>>
                 ]
                 c:\visualcstudy\userthreads\searchstrategy.h(129) : while compiling class template member function 'const std::wstring EntityMapper<Entity>::getStrFields(EntityMapper<Entity>::_FieldMap)'
                 with
                 [
                     Entity=TypePrice
                 ]
                 c:\visualcstudy\userthreads\searchstrategy.h(293) : see reference to class template instantiation 'EntityMapper<Entity>' being compiled
                 with
                 [
                     Entity=TypePrice
                 ]
                 c:\visualcstudy\userthreads\baserepository.h(12) : see reference to class template instantiation 'SQLSearchStrategy<Entity>' being compiled
                 with
                 [
                     Entity=TypePrice
                 ]
                 c:\visualcstudy\userthreads\checkdoc.cpp(173) : see reference to class template instantiation 'Reference<Entity>' being compiled
                 with
                 [
                     Entity=TypePrice
                 ]
         CashPrinter.cpp
         Generating Code...
         Compiling...
         MainFrm.cpp
         Generating Code...
       ResourceCompile:
         All outputs are up-to-date.
       ManifestResourceCompile:
         All outputs are up-to-date.
       Link:
         C:\Program Files\Microsoft Visual Studio 10.0\VC\bin\link.exe /ERRORREPORT:PROMPT /OUT:".\Debug/UserThreads.exe" /INCREMENTAL /NOLOGO /MANIFEST /ManifestFile:".\Debug\UserThreads.exe.intermediate.manifest" /MANIFESTUAC:"level='asInvoker' uiAccess='false'" /DEBUG /PDB:".\Debug/UserThreads.pdb" /SUBSYSTEM:WINDOWS /TLBID:1 /DYNAMICBASE /NXCOMPAT /IMPLIB:".\Debug\UserThreads.lib" /MACHINE:X86 /CLRTHREADATTRIBUTE:STA .\Debug\UserThreads.res
         .\Debug\UserThreads.exe.embed.manifest.res
         .\Debug/1CHelper.obj
         .\Debug/Barcode.obj
         .\Debug/BarcodeEdit.obj
         .\Debug/CashDoc.obj
         .\Debug/CashPrinter.obj
         .\Debug/CategoryTree.obj
         .\Debug/CheckButton.obj
         .\Debug/CheckDoc.obj
         .\Debug/cmercury.obj
         .\Debug/ComPortDlg.obj
         .\Debug/DBDoc.obj
         .\Debug/DialogView.obj
         .\Debug/DictGoodsFrame.obj
         .\Debug/DlgEnterCash.obj
         .\Debug/DlgFindAll.obj
         .\Debug/DlgInsert.obj
         .\Debug/DlgLogin.obj
         .\Debug/DlgManageKKM.obj
         .\Debug/DlgMultQty.obj
         .\Debug/DlgSelDate.obj
         .\Debug/DlgSelectGood.obj
         .\Debug/DlgSetPeriod.obj
         .\Debug/DlgSetQuantity.obj
         .\Debug/drvfr.obj
         .\Debug/dtpicker.obj
         .\Debug/ExplorerDlg.obj
         .\Debug/FileDialog2K.obj
         .\Debug/FindEdit.obj
         .\Debug/FindView.obj
         .\Debug/FirstStepPage.obj
         .\Debug/FolderFrame.obj
         .\Debug/font.obj
         .\Debug/FontCombo.obj
         .\Debug/FontDlgPage.obj
         .\Debug/FontToolBar.obj
         .\Debug/Ftab.obj
         .\Debug/GoodsGrid.obj
         .\Debug/InfoConsole.obj
         .\Debug/InfoFrame.obj
         .\Debug/Label.obj
         .\Debug/MainChildFrame.obj
         .\Debug/MainDocument.obj
         .\Debug/MainFrm.obj
         .\Debug/MDIChild.obj
         .\Debug/MDIClient.obj
         .\Debug/MessageBoxHelper.obj
         .\Debug/MultButton.obj
         .\Debug/MultButtonEx.obj
         .\Debug/MultiSplitterView.obj
         .\Debug/MyTabCtrl.obj
         .\Debug/NaklForm.obj
         .\Debug/NodeItem.obj
         .\Debug/NTree.obj
         .\Debug/OutputWnd.obj
         .\Debug/picture.obj
         .\Debug/PointSettings.obj
         .\Debug/PopupMenu.obj
         .\Debug/PPLAPrinter.obj
         .\Debug/PSDlgInsertGood.obj
         .\Debug/PupText.obj
         .\Debug/ReciclingView.obj
         .\Debug/Register.obj
         .\Debug/ReportFrame.obj
         .\Debug/ReportView.obj
         .\Debug/Repository.obj
         .\Debug/ReturnDoc.obj
         .\Debug/ReturnView.obj
         .\Debug/SalaryDoc.obj
         .\Debug/SecondStepPage.obj
         .\Debug/Splash.obj
         .\Debug/StatLink.obj
         .\Debug/StdAfx.obj
         .\Debug/SuperTree.obj
         .\Debug/TableValue1.obj
         .\Debug/ThirdStepPage.obj
         .\Debug/TreeNode.obj
         .\Debug/UpFolderTabCtrl.obj
         .\Debug/UserThreads.obj
         .\Debug/UserThreadsView.obj
         .\Debug/ViewManager.obj
         .\Debug/vsflexdatasource.obj
         .\Debug/vsflexgrid.obj
         .\Debug/WindowTabCtrl.obj
         .\Debug/WntRetComboBox.obj
         .\Debug/WntRetEdit.obj
         .\Debug/ZReportDoc.obj
         .\Debug/ZReportView.obj
         .\Debug/ZReportWizard.obj
       Manifest:
         C:\Program Files\Microsoft SDKs\Windows\v7.0A\bin\mt.exe /nologo /verbose /out:".\Debug\UserThreads.exe.embed.manifest" /manifest .\Debug\UserThreads.exe.intermediate.manifest "C:\Program Files\Microsoft Visual Studio 10.0\VC\Include\Manifest\dpiaware.manifest"
         All outputs are up-to-date.
       LinkEmbedManifest:
         All outputs are up-to-date.
         UserThreads.vcxproj -> C:\VisualCStudy\UserThreads\.\Debug\UserThreads.exe
       BscMake:
         C:\Program Files\Microsoft Visual Studio 10.0\VC\bin\bscmake.exe /nologo /o".\Debug/UserThreads.bsc" .\Debug\1CHelper.sbr .\Debug\Barcode.sbr .\Debug\BarcodeEdit.sbr .\Debug\CashDoc.sbr .\Debug\CashPrinter.sbr .\Debug\CategoryTree.sbr .\Debug\CheckButton.sbr .\Debug\CheckDoc.sbr .\Debug\cmercury.sbr .\Debug\ComPortDlg.sbr .\Debug\DBDoc.sbr .\Debug\DialogView.sbr .\Debug\DictGoodsFrame.sbr .\Debug\DlgEnterCash.sbr .\Debug\DlgFindAll.sbr .\Debug\DlgInsert.sbr .\Debug\DlgLogin.sbr .\Debug\DlgManageKKM.sbr .\Debug\DlgMultQty.sbr .\Debug\DlgSelDate.sbr .\Debug\DlgSelectGood.sbr .\Debug\DlgSetPeriod.sbr .\Debug\DlgSetQuantity.sbr .\Debug\drvfr.sbr .\Debug\dtpicker.sbr .\Debug\ExplorerDlg.sbr .\Debug\FileDialog2K.sbr .\Debug\FindEdit.sbr .\Debug\FindView.sbr .\Debug\FirstStepPage.sbr .\Debug\FolderFrame.sbr .\Debug\font.sbr .\Debug\FontCombo.sbr .\Debug\FontDlgPage.sbr .\Debug\FontToolBar.sbr .\Debug\Ftab.sbr .\Debug\GoodsGrid.sbr .\Debug\InfoConsole.sbr .\Debug\InfoFrame.sbr .\Debug\Label.sbr .\Debug\MainChildFrame.sbr .\Debug\MainDocument.sbr .\Debug\MainFrm.sbr .\Debug\MDIChild.sbr .\Debug\MDIClient.sbr .\Debug\MessageBoxHelper.sbr .\Debug\MultButton.sbr .\Debug\MultButtonEx.sbr .\Debug\MultiSplitterView.sbr .\Debug\MyTabCtrl.sbr .\Debug\NaklForm.sbr .\Debug\NodeItem.sbr .\Debug\NTree.sbr .\Debug\OutputWnd.sbr .\Debug\picture.sbr .\Debug\PointSettings.sbr .\Debug\PopupMenu.sbr .\Debug\PPLAPrinter.sbr .\Debug\PSDlgInsertGood.sbr .\Debug\PupText.sbr .\Debug\ReciclingView.sbr .\Debug\Register.sbr .\Debug\ReportFrame.sbr .\Debug\ReportView.sbr .\Debug\Repository.sbr .\Debug\ReturnDoc.sbr .\Debug\ReturnView.sbr .\Debug\SalaryDoc.sbr .\Debug\SecondStepPage.sbr .\Debug\Splash.sbr .\Debug\StatLink.sbr .\Debug\StdAfx.sbr .\Debug\SuperTree.sbr .\Debug\TableValue1.sbr .\Debug\ThirdStepPage.sbr .\Debug\TreeNode.sbr .\Debug\UpFolderTabCtrl.sbr .\Debug\UserThreads.sbr .\Debug\UserThreadsView.sbr .\Debug\ViewManager.sbr .\Debug\vsflexdatasource.sbr .\Debug\vsflexgrid.sbr .\Debug\WindowTabCtrl.sbr .\Debug\WntRetComboBox.sbr .\Debug\WntRetEdit.sbr .\Debug\ZReportDoc.sbr .\Debug\ZReportView.sbr .\Debug\ZReportWizard.sbr
       FinalizeBuildStatus:
         Deleting file ".\Debug\UserThreads.unsuccessfulbuild".
         Touching ".\Debug\UserThreads.lastbuildstate".
     1>Done Building Project "C:\VisualCStudy\UserThreads\UserThreads.vcxproj" (build target(s)).

Build succeeded.

Time Elapsed 00:01:11.93
