.\Debug\UserThreads.bsc
.\Debug\UserThreads.ilk
.\Debug\UserThreads.pdb
C:\VisualCStudy\UserThreads\.\Debug\UserThreads.exe
C:\VisualCStudy\UserThreads\.\Debug\UserThreads.exe.intermediate.manifest
C:\VISUALCSTUDY\USERTHREADS\DEBUG\1CHELPER.OBJ
C:\VISUALCSTUDY\USERTHREADS\DEBUG\1CHELPER.SBR
C:\VISUALCSTUDY\USERTHREADS\DEBUG\BARCODE.OBJ
C:\VISUALCSTUDY\USERTHREADS\DEBUG\BARCODE.SBR
C:\VISUALCSTUDY\USERTHREADS\DEBUG\BARCODEEDIT.OBJ
C:\VISUALCSTUDY\USERTHREADS\DEBUG\BARCODEEDIT.SBR
C:\VisualCStudy\UserThreads\Debug\BscMake.command.1.tlog
C:\VisualCStudy\UserThreads\Debug\bscmake.read.1.tlog
C:\VisualCStudy\UserThreads\Debug\bscmake.write.1.tlog
C:\VISUALCSTUDY\USERTHREADS\DEBUG\CASHDOC.OBJ
C:\VISUALCSTUDY\USERTHREADS\DEBUG\CASHDOC.SBR
C:\VISUALCSTUDY\USERTHREADS\DEBUG\CASHPRINTER.OBJ
C:\VISUALCSTUDY\USERTHREADS\DEBUG\CASHPRINTER.SBR
C:\VISUALCSTUDY\USERTHREADS\DEBUG\CATEGORYTREE.OBJ
C:\VISUALCSTUDY\USERTHREADS\DEBUG\CATEGORYTREE.SBR
C:\VISUALCSTUDY\USERTHREADS\DEBUG\CHECKBUTTON.OBJ
C:\VISUALCSTUDY\USERTHREADS\DEBUG\CHECKBUTTON.SBR
C:\VISUALCSTUDY\USERTHREADS\DEBUG\CHECKDOC.OBJ
C:\VISUALCSTUDY\USERTHREADS\DEBUG\CHECKDOC.SBR
C:\VisualCStudy\UserThreads\Debug\cl.command.1.tlog
C:\VisualCStudy\UserThreads\Debug\CL.read.1.tlog
C:\VisualCStudy\UserThreads\Debug\CL.write.1.tlog
C:\VISUALCSTUDY\USERTHREADS\DEBUG\CMERCURY.OBJ
C:\VISUALCSTUDY\USERTHREADS\DEBUG\CMERCURY.SBR
C:\VISUALCSTUDY\USERTHREADS\DEBUG\COMPORTDLG.OBJ
C:\VISUALCSTUDY\USERTHREADS\DEBUG\COMPORTDLG.SBR
C:\VISUALCSTUDY\USERTHREADS\DEBUG\DBDOC.OBJ
C:\VISUALCSTUDY\USERTHREADS\DEBUG\DBDOC.SBR
C:\VISUALCSTUDY\USERTHREADS\DEBUG\DIALOGVIEW.OBJ
C:\VISUALCSTUDY\USERTHREADS\DEBUG\DIALOGVIEW.SBR
C:\VISUALCSTUDY\USERTHREADS\DEBUG\DICTGOODSFRAME.OBJ
C:\VISUALCSTUDY\USERTHREADS\DEBUG\DICTGOODSFRAME.SBR
C:\VISUALCSTUDY\USERTHREADS\DEBUG\DLGENTERCASH.OBJ
C:\VISUALCSTUDY\USERTHREADS\DEBUG\DLGENTERCASH.SBR
C:\VISUALCSTUDY\USERTHREADS\DEBUG\DLGFINDALL.OBJ
C:\VISUALCSTUDY\USERTHREADS\DEBUG\DLGFINDALL.SBR
C:\VISUALCSTUDY\USERTHREADS\DEBUG\DLGINSERT.OBJ
C:\VISUALCSTUDY\USERTHREADS\DEBUG\DLGINSERT.SBR
C:\VISUALCSTUDY\USERTHREADS\DEBUG\DLGLOGIN.OBJ
C:\VISUALCSTUDY\USERTHREADS\DEBUG\DLGLOGIN.SBR
C:\VISUALCSTUDY\USERTHREADS\DEBUG\DLGMANAGEKKM.OBJ
C:\VISUALCSTUDY\USERTHREADS\DEBUG\DLGMANAGEKKM.SBR
C:\VISUALCSTUDY\USERTHREADS\DEBUG\DLGMULTQTY.OBJ
C:\VISUALCSTUDY\USERTHREADS\DEBUG\DLGMULTQTY.SBR
C:\VISUALCSTUDY\USERTHREADS\DEBUG\DLGSELDATE.OBJ
C:\VISUALCSTUDY\USERTHREADS\DEBUG\DLGSELDATE.SBR
C:\VISUALCSTUDY\USERTHREADS\DEBUG\DLGSELECTGOOD.OBJ
C:\VISUALCSTUDY\USERTHREADS\DEBUG\DLGSELECTGOOD.SBR
C:\VISUALCSTUDY\USERTHREADS\DEBUG\DLGSETPERIOD.OBJ
C:\VISUALCSTUDY\USERTHREADS\DEBUG\DLGSETPERIOD.SBR
C:\VISUALCSTUDY\USERTHREADS\DEBUG\DLGSETQUANTITY.OBJ
C:\VISUALCSTUDY\USERTHREADS\DEBUG\DLGSETQUANTITY.SBR
C:\VisualCStudy\UserThreads\Debug\doconecholder2.tlh
C:\VisualCStudy\UserThreads\Debug\doconecholder2.tli
C:\VISUALCSTUDY\USERTHREADS\DEBUG\DRVFR.OBJ
C:\VISUALCSTUDY\USERTHREADS\DEBUG\DRVFR.SBR
C:\VISUALCSTUDY\USERTHREADS\DEBUG\DTPICKER.OBJ
C:\VISUALCSTUDY\USERTHREADS\DEBUG\DTPICKER.SBR
C:\VISUALCSTUDY\USERTHREADS\DEBUG\EXPLORERDLG.OBJ
C:\VISUALCSTUDY\USERTHREADS\DEBUG\EXPLORERDLG.SBR
C:\VISUALCSTUDY\USERTHREADS\DEBUG\FILEDIALOG2K.OBJ
C:\VISUALCSTUDY\USERTHREADS\DEBUG\FILEDIALOG2K.SBR
C:\VISUALCSTUDY\USERTHREADS\DEBUG\FINDEDIT.OBJ
C:\VISUALCSTUDY\USERTHREADS\DEBUG\FINDEDIT.SBR
C:\VISUALCSTUDY\USERTHREADS\DEBUG\FINDVIEW.OBJ
C:\VISUALCSTUDY\USERTHREADS\DEBUG\FINDVIEW.SBR
C:\VISUALCSTUDY\USERTHREADS\DEBUG\FIRSTSTEPPAGE.OBJ
C:\VISUALCSTUDY\USERTHREADS\DEBUG\FIRSTSTEPPAGE.SBR
C:\VISUALCSTUDY\USERTHREADS\DEBUG\FOLDERFRAME.OBJ
C:\VISUALCSTUDY\USERTHREADS\DEBUG\FOLDERFRAME.SBR
C:\VISUALCSTUDY\USERTHREADS\DEBUG\FONT.OBJ
C:\VISUALCSTUDY\USERTHREADS\DEBUG\FONT.SBR
C:\VISUALCSTUDY\USERTHREADS\DEBUG\FONTCOMBO.OBJ
C:\VISUALCSTUDY\USERTHREADS\DEBUG\FONTCOMBO.SBR
C:\VISUALCSTUDY\USERTHREADS\DEBUG\FONTDLGPAGE.OBJ
C:\VISUALCSTUDY\USERTHREADS\DEBUG\FONTDLGPAGE.SBR
C:\VISUALCSTUDY\USERTHREADS\DEBUG\FONTTOOLBAR.OBJ
C:\VISUALCSTUDY\USERTHREADS\DEBUG\FONTTOOLBAR.SBR
C:\VISUALCSTUDY\USERTHREADS\DEBUG\FTAB.OBJ
C:\VISUALCSTUDY\USERTHREADS\DEBUG\FTAB.SBR
C:\VISUALCSTUDY\USERTHREADS\DEBUG\GOODSGRID.OBJ
C:\VISUALCSTUDY\USERTHREADS\DEBUG\GOODSGRID.SBR
C:\VISUALCSTUDY\USERTHREADS\DEBUG\INFOCONSOLE.OBJ
C:\VISUALCSTUDY\USERTHREADS\DEBUG\INFOCONSOLE.SBR
C:\VISUALCSTUDY\USERTHREADS\DEBUG\INFOFRAME.OBJ
C:\VISUALCSTUDY\USERTHREADS\DEBUG\INFOFRAME.SBR
C:\VISUALCSTUDY\USERTHREADS\DEBUG\LABEL.OBJ
C:\VISUALCSTUDY\USERTHREADS\DEBUG\LABEL.SBR
C:\VisualCStudy\UserThreads\Debug\link.1016.read.1.tlog
C:\VisualCStudy\UserThreads\Debug\link.1016.write.1.tlog
C:\VisualCStudy\UserThreads\Debug\link.1016-cvtres.read.1.tlog
C:\VisualCStudy\UserThreads\Debug\link.1016-cvtres.write.1.tlog
C:\VisualCStudy\UserThreads\Debug\link.1660.read.1.tlog
C:\VisualCStudy\UserThreads\Debug\link.1660.write.1.tlog
C:\VisualCStudy\UserThreads\Debug\link.1660-cvtres.read.1.tlog
C:\VisualCStudy\UserThreads\Debug\link.1660-cvtres.write.1.tlog
C:\VisualCStudy\UserThreads\Debug\link.3072.read.1.tlog
C:\VisualCStudy\UserThreads\Debug\link.3072.write.1.tlog
C:\VisualCStudy\UserThreads\Debug\link.3072-cvtres.read.1.tlog
C:\VisualCStudy\UserThreads\Debug\link.3072-cvtres.write.1.tlog
C:\VisualCStudy\UserThreads\Debug\link.3680.read.1.tlog
C:\VisualCStudy\UserThreads\Debug\link.3680.write.1.tlog
C:\VisualCStudy\UserThreads\Debug\link.3680-cvtres.read.1.tlog
C:\VisualCStudy\UserThreads\Debug\link.3680-cvtres.write.1.tlog
C:\VisualCStudy\UserThreads\Debug\link.992.read.1.tlog
C:\VisualCStudy\UserThreads\Debug\link.992.write.1.tlog
C:\VisualCStudy\UserThreads\Debug\link.992-cvtres.read.1.tlog
C:\VisualCStudy\UserThreads\Debug\link.992-cvtres.write.1.tlog
C:\VisualCStudy\UserThreads\Debug\link.command.1.tlog
C:\VisualCStudy\UserThreads\Debug\link.read.1.tlog
C:\VisualCStudy\UserThreads\Debug\link.write.1.tlog
C:\VisualCStudy\UserThreads\Debug\link-cvtres.read.1.tlog
C:\VisualCStudy\UserThreads\Debug\link-cvtres.write.1.tlog
C:\VISUALCSTUDY\USERTHREADS\DEBUG\MAINCHILDFRAME.OBJ
C:\VISUALCSTUDY\USERTHREADS\DEBUG\MAINCHILDFRAME.SBR
C:\VISUALCSTUDY\USERTHREADS\DEBUG\MAINDOCUMENT.OBJ
C:\VISUALCSTUDY\USERTHREADS\DEBUG\MAINDOCUMENT.SBR
C:\VISUALCSTUDY\USERTHREADS\DEBUG\MAINFRM.OBJ
C:\VISUALCSTUDY\USERTHREADS\DEBUG\MAINFRM.SBR
C:\VISUALCSTUDY\USERTHREADS\DEBUG\MDICHILD.OBJ
C:\VISUALCSTUDY\USERTHREADS\DEBUG\MDICHILD.SBR
C:\VISUALCSTUDY\USERTHREADS\DEBUG\MDICLIENT.OBJ
C:\VISUALCSTUDY\USERTHREADS\DEBUG\MDICLIENT.SBR
C:\VISUALCSTUDY\USERTHREADS\DEBUG\MESSAGEBOXHELPER.OBJ
C:\VISUALCSTUDY\USERTHREADS\DEBUG\MESSAGEBOXHELPER.SBR
C:\VisualCStudy\UserThreads\Debug\mqoa.tlh
C:\VisualCStudy\UserThreads\Debug\mqoa.tli
C:\VisualCStudy\UserThreads\Debug\msado15.tlh
C:\VisualCStudy\UserThreads\Debug\msado15.tli
C:\VisualCStudy\UserThreads\Debug\msdatsrc.tlh
C:\VisualCStudy\UserThreads\Debug\msdatsrc.tli
C:\VisualCStudy\UserThreads\Debug\mt.command.1.tlog
C:\VisualCStudy\UserThreads\Debug\mt.read.1.tlog
C:\VisualCStudy\UserThreads\Debug\mt.write.1.tlog
C:\VISUALCSTUDY\USERTHREADS\DEBUG\MULTBUTTON.OBJ
C:\VISUALCSTUDY\USERTHREADS\DEBUG\MULTBUTTON.SBR
C:\VISUALCSTUDY\USERTHREADS\DEBUG\MULTBUTTONEX.OBJ
C:\VISUALCSTUDY\USERTHREADS\DEBUG\MULTBUTTONEX.SBR
C:\VISUALCSTUDY\USERTHREADS\DEBUG\MULTISPLITTERVIEW.OBJ
C:\VISUALCSTUDY\USERTHREADS\DEBUG\MULTISPLITTERVIEW.SBR
C:\VISUALCSTUDY\USERTHREADS\DEBUG\MYTABCTRL.OBJ
C:\VISUALCSTUDY\USERTHREADS\DEBUG\MYTABCTRL.SBR
C:\VISUALCSTUDY\USERTHREADS\DEBUG\NAKLFORM.OBJ
C:\VISUALCSTUDY\USERTHREADS\DEBUG\NAKLFORM.SBR
C:\VISUALCSTUDY\USERTHREADS\DEBUG\NODEITEM.OBJ
C:\VISUALCSTUDY\USERTHREADS\DEBUG\NODEITEM.SBR
C:\VISUALCSTUDY\USERTHREADS\DEBUG\NTREE.OBJ
C:\VISUALCSTUDY\USERTHREADS\DEBUG\NTREE.SBR
C:\VISUALCSTUDY\USERTHREADS\DEBUG\OUTPUTWND.OBJ
C:\VISUALCSTUDY\USERTHREADS\DEBUG\OUTPUTWND.SBR
C:\VISUALCSTUDY\USERTHREADS\DEBUG\PICTURE.OBJ
C:\VISUALCSTUDY\USERTHREADS\DEBUG\PICTURE.SBR
C:\VISUALCSTUDY\USERTHREADS\DEBUG\POINTSETTINGS.OBJ
C:\VISUALCSTUDY\USERTHREADS\DEBUG\POINTSETTINGS.SBR
C:\VISUALCSTUDY\USERTHREADS\DEBUG\POPUPMENU.OBJ
C:\VISUALCSTUDY\USERTHREADS\DEBUG\POPUPMENU.SBR
C:\VISUALCSTUDY\USERTHREADS\DEBUG\PPLAPRINTER.OBJ
C:\VISUALCSTUDY\USERTHREADS\DEBUG\PPLAPRINTER.SBR
C:\VisualCStudy\UserThreads\Debug\printersamsung.tlh
C:\VisualCStudy\UserThreads\Debug\printersamsung.tli
C:\VISUALCSTUDY\USERTHREADS\DEBUG\PSDLGINSERTGOOD.OBJ
C:\VISUALCSTUDY\USERTHREADS\DEBUG\PSDLGINSERTGOOD.SBR
C:\VISUALCSTUDY\USERTHREADS\DEBUG\PUPTEXT.OBJ
C:\VISUALCSTUDY\USERTHREADS\DEBUG\PUPTEXT.SBR
C:\VisualCStudy\UserThreads\Debug\rc.command.1.tlog
C:\VisualCStudy\UserThreads\Debug\rc.read.1.tlog
C:\VisualCStudy\UserThreads\Debug\rc.write.1.tlog
C:\VISUALCSTUDY\USERTHREADS\DEBUG\RECICLINGVIEW.OBJ
C:\VISUALCSTUDY\USERTHREADS\DEBUG\RECICLINGVIEW.SBR
C:\VISUALCSTUDY\USERTHREADS\DEBUG\REGISTER.OBJ
C:\VISUALCSTUDY\USERTHREADS\DEBUG\REGISTER.SBR
C:\VISUALCSTUDY\USERTHREADS\DEBUG\REPORTFRAME.OBJ
C:\VISUALCSTUDY\USERTHREADS\DEBUG\REPORTFRAME.SBR
C:\VISUALCSTUDY\USERTHREADS\DEBUG\REPORTVIEW.OBJ
C:\VISUALCSTUDY\USERTHREADS\DEBUG\REPORTVIEW.SBR
C:\VISUALCSTUDY\USERTHREADS\DEBUG\REPOSITORY.OBJ
C:\VISUALCSTUDY\USERTHREADS\DEBUG\REPOSITORY.SBR
C:\VISUALCSTUDY\USERTHREADS\DEBUG\RETURNDOC.OBJ
C:\VISUALCSTUDY\USERTHREADS\DEBUG\RETURNDOC.SBR
C:\VISUALCSTUDY\USERTHREADS\DEBUG\RETURNVIEW.OBJ
C:\VISUALCSTUDY\USERTHREADS\DEBUG\RETURNVIEW.SBR
C:\VISUALCSTUDY\USERTHREADS\DEBUG\SALARYDOC.OBJ
C:\VISUALCSTUDY\USERTHREADS\DEBUG\SALARYDOC.SBR
C:\VISUALCSTUDY\USERTHREADS\DEBUG\SECONDSTEPPAGE.OBJ
C:\VISUALCSTUDY\USERTHREADS\DEBUG\SECONDSTEPPAGE.SBR
C:\VISUALCSTUDY\USERTHREADS\DEBUG\SPLASH.OBJ
C:\VISUALCSTUDY\USERTHREADS\DEBUG\SPLASH.SBR
C:\VISUALCSTUDY\USERTHREADS\DEBUG\STATLINK.OBJ
C:\VISUALCSTUDY\USERTHREADS\DEBUG\STATLINK.SBR
C:\VISUALCSTUDY\USERTHREADS\DEBUG\STDAFX.OBJ
C:\VISUALCSTUDY\USERTHREADS\DEBUG\STDAFX.SBR
C:\VISUALCSTUDY\USERTHREADS\DEBUG\SUPERTREE.OBJ
C:\VISUALCSTUDY\USERTHREADS\DEBUG\SUPERTREE.SBR
C:\VISUALCSTUDY\USERTHREADS\DEBUG\TABLEVALUE1.OBJ
C:\VISUALCSTUDY\USERTHREADS\DEBUG\TABLEVALUE1.SBR
C:\VISUALCSTUDY\USERTHREADS\DEBUG\THIRDSTEPPAGE.OBJ
C:\VISUALCSTUDY\USERTHREADS\DEBUG\THIRDSTEPPAGE.SBR
C:\VISUALCSTUDY\USERTHREADS\DEBUG\TREENODE.OBJ
C:\VISUALCSTUDY\USERTHREADS\DEBUG\TREENODE.SBR
C:\VISUALCSTUDY\USERTHREADS\DEBUG\UPFOLDERTABCTRL.OBJ
C:\VISUALCSTUDY\USERTHREADS\DEBUG\UPFOLDERTABCTRL.SBR
C:\VISUALCSTUDY\USERTHREADS\DEBUG\USERTHREADS.BSC
C:\VISUALCSTUDY\USERTHREADS\DEBUG\USERTHREADS.EXE
C:\VISUALCSTUDY\USERTHREADS\DEBUG\USERTHREADS.EXE.EMBED.MANIFEST
C:\VISUALCSTUDY\USERTHREADS\DEBUG\USERTHREADS.EXE.EMBED.MANIFEST.RES
C:\VISUALCSTUDY\USERTHREADS\DEBUG\USERTHREADS.EXE.INTERMEDIATE.MANIFEST
C:\VISUALCSTUDY\USERTHREADS\DEBUG\USERTHREADS.ILK
C:\VISUALCSTUDY\USERTHREADS\DEBUG\USERTHREADS.OBJ
C:\VISUALCSTUDY\USERTHREADS\DEBUG\USERTHREADS.PCH
C:\VISUALCSTUDY\USERTHREADS\DEBUG\USERTHREADS.PDB
C:\VISUALCSTUDY\USERTHREADS\DEBUG\USERTHREADS.RES
C:\VISUALCSTUDY\USERTHREADS\DEBUG\USERTHREADS.SBR
C:\VisualCStudy\UserThreads\Debug\UserThreads_manifest.rc
C:\VISUALCSTUDY\USERTHREADS\DEBUG\USERTHREADSVIEW.OBJ
C:\VISUALCSTUDY\USERTHREADS\DEBUG\USERTHREADSVIEW.SBR
C:\VisualCStudy\UserThreads\Debug\vc100.idb
C:\VISUALCSTUDY\USERTHREADS\DEBUG\VC100.PDB
C:\VISUALCSTUDY\USERTHREADS\DEBUG\VIEWMANAGER.OBJ
C:\VISUALCSTUDY\USERTHREADS\DEBUG\VIEWMANAGER.SBR
C:\VisualCStudy\UserThreads\Debug\vsflex7.tlh
C:\VisualCStudy\UserThreads\Debug\vsflex7.tli
C:\VISUALCSTUDY\USERTHREADS\DEBUG\VSFLEXDATASOURCE.OBJ
C:\VISUALCSTUDY\USERTHREADS\DEBUG\VSFLEXDATASOURCE.SBR
C:\VISUALCSTUDY\USERTHREADS\DEBUG\VSFLEXGRID.OBJ
C:\VISUALCSTUDY\USERTHREADS\DEBUG\VSFLEXGRID.SBR
C:\VISUALCSTUDY\USERTHREADS\DEBUG\WINDOWTABCTRL.OBJ
C:\VISUALCSTUDY\USERTHREADS\DEBUG\WINDOWTABCTRL.SBR
C:\VISUALCSTUDY\USERTHREADS\DEBUG\WNTRETCOMBOBOX.OBJ
C:\VISUALCSTUDY\USERTHREADS\DEBUG\WNTRETCOMBOBOX.SBR
C:\VISUALCSTUDY\USERTHREADS\DEBUG\WNTRETEDIT.OBJ
C:\VISUALCSTUDY\USERTHREADS\DEBUG\WNTRETEDIT.SBR
C:\VISUALCSTUDY\USERTHREADS\DEBUG\ZREPORTDOC.OBJ
C:\VISUALCSTUDY\USERTHREADS\DEBUG\ZREPORTDOC.SBR
C:\VISUALCSTUDY\USERTHREADS\DEBUG\ZREPORTVIEW.OBJ
C:\VISUALCSTUDY\USERTHREADS\DEBUG\ZREPORTVIEW.SBR
C:\VISUALCSTUDY\USERTHREADS\DEBUG\ZREPORTWIZARD.OBJ
C:\VISUALCSTUDY\USERTHREADS\DEBUG\ZREPORTWIZARD.SBR
