.\Release\UserThreads.pdb
C:\visualcstudy\UserThreads\.\Release\UserThreads.exe
C:\visualcstudy\UserThreads\.\Release\UserThreads.exe.intermediate.manifest
C:\VISUALCSTUDY\USERTHREADS\RELEASE\1CHELPER.OBJ
C:\VISUALCSTUDY\USERTHREADS\RELEASE\BARCODE.OBJ
C:\VISUALCSTUDY\USERTHREADS\RELEASE\BARCODEEDIT.OBJ
C:\VISUALCSTUDY\USERTHREADS\RELEASE\CASHDOC.OBJ
C:\VISUALCSTUDY\USERTHREADS\RELEASE\CASHPRINTER.OBJ
C:\VISUALCSTUDY\USERTHREADS\RELEASE\CATEGORYTREE.OBJ
C:\VISUALCSTUDY\USERTHREADS\RELEASE\CHECKBUTTON.OBJ
C:\VISUALCSTUDY\USERTHREADS\RELEASE\CHECKDOC.OBJ
C:\visualcstudy\UserThreads\Release\cl.command.1.tlog
C:\visualcstudy\UserThreads\Release\CL.read.1.tlog
C:\visualcstudy\UserThreads\Release\CL.write.1.tlog
C:\VISUALCSTUDY\USERTHREADS\RELEASE\CMERCURY.OBJ
C:\VISUALCSTUDY\USERTHREADS\RELEASE\COMPORTDLG.OBJ
C:\VISUALCSTUDY\USERTHREADS\RELEASE\DBDOC.OBJ
C:\VISUALCSTUDY\USERTHREADS\RELEASE\DIALOGVIEW.OBJ
C:\VISUALCSTUDY\USERTHREADS\RELEASE\DICTGOODSFRAME.OBJ
C:\VISUALCSTUDY\USERTHREADS\RELEASE\DLGENTERCASH.OBJ
C:\VISUALCSTUDY\USERTHREADS\RELEASE\DLGFINDALL.OBJ
C:\VISUALCSTUDY\USERTHREADS\RELEASE\DLGINSERT.OBJ
C:\VISUALCSTUDY\USERTHREADS\RELEASE\DLGLOGIN.OBJ
C:\VISUALCSTUDY\USERTHREADS\RELEASE\DLGMANAGEKKM.OBJ
C:\VISUALCSTUDY\USERTHREADS\RELEASE\DLGMULTQTY.OBJ
C:\VISUALCSTUDY\USERTHREADS\RELEASE\DLGSELDATE.OBJ
C:\VISUALCSTUDY\USERTHREADS\RELEASE\DLGSELECTGOOD.OBJ
C:\VISUALCSTUDY\USERTHREADS\RELEASE\DLGSETPERIOD.OBJ
C:\VISUALCSTUDY\USERTHREADS\RELEASE\DLGSETQUANTITY.OBJ
C:\visualcstudy\UserThreads\Release\doconecholder2.tlh
C:\visualcstudy\UserThreads\Release\doconecholder2.tli
C:\VISUALCSTUDY\USERTHREADS\RELEASE\DRVFR.OBJ
C:\VISUALCSTUDY\USERTHREADS\RELEASE\DTPICKER.OBJ
C:\VISUALCSTUDY\USERTHREADS\RELEASE\EXPLORERDLG.OBJ
C:\VISUALCSTUDY\USERTHREADS\RELEASE\FILEDIALOG2K.OBJ
C:\VISUALCSTUDY\USERTHREADS\RELEASE\FINDEDIT.OBJ
C:\VISUALCSTUDY\USERTHREADS\RELEASE\FINDVIEW.OBJ
C:\VISUALCSTUDY\USERTHREADS\RELEASE\FIRSTSTEPPAGE.OBJ
C:\VISUALCSTUDY\USERTHREADS\RELEASE\FOLDERFRAME.OBJ
C:\VISUALCSTUDY\USERTHREADS\RELEASE\FONT.OBJ
C:\VISUALCSTUDY\USERTHREADS\RELEASE\FONTCOMBO.OBJ
C:\VISUALCSTUDY\USERTHREADS\RELEASE\FONTDLGPAGE.OBJ
C:\VISUALCSTUDY\USERTHREADS\RELEASE\FONTTOOLBAR.OBJ
C:\VISUALCSTUDY\USERTHREADS\RELEASE\FTAB.OBJ
C:\VISUALCSTUDY\USERTHREADS\RELEASE\GOODSGRID.OBJ
C:\VISUALCSTUDY\USERTHREADS\RELEASE\INFOCONSOLE.OBJ
C:\VISUALCSTUDY\USERTHREADS\RELEASE\INFOFRAME.OBJ
C:\VISUALCSTUDY\USERTHREADS\RELEASE\LABEL.OBJ
C:\visualcstudy\UserThreads\Release\link.command.1.tlog
C:\visualcstudy\UserThreads\Release\link.read.1.tlog
C:\visualcstudy\UserThreads\Release\link.write.1.tlog
C:\visualcstudy\UserThreads\Release\link-cvtres.read.1.tlog
C:\visualcstudy\UserThreads\Release\link-cvtres.write.1.tlog
C:\VISUALCSTUDY\USERTHREADS\RELEASE\MAINCHILDFRAME.OBJ
C:\VISUALCSTUDY\USERTHREADS\RELEASE\MAINDOCUMENT.OBJ
C:\VISUALCSTUDY\USERTHREADS\RELEASE\MAINFRM.OBJ
C:\VISUALCSTUDY\USERTHREADS\RELEASE\MDICHILD.OBJ
C:\VISUALCSTUDY\USERTHREADS\RELEASE\MDICLIENT.OBJ
C:\VISUALCSTUDY\USERTHREADS\RELEASE\MESSAGEBOXHELPER.OBJ
C:\visualcstudy\UserThreads\Release\mqoa.tlh
C:\visualcstudy\UserThreads\Release\mqoa.tli
C:\visualcstudy\UserThreads\Release\msado15.tlh
C:\visualcstudy\UserThreads\Release\msado15.tli
C:\visualcstudy\UserThreads\Release\msdatsrc.tlh
C:\visualcstudy\UserThreads\Release\msdatsrc.tli
C:\visualcstudy\UserThreads\Release\mt.command.1.tlog
C:\visualcstudy\UserThreads\Release\mt.read.1.tlog
C:\visualcstudy\UserThreads\Release\mt.write.1.tlog
C:\VISUALCSTUDY\USERTHREADS\RELEASE\MULTBUTTON.OBJ
C:\VISUALCSTUDY\USERTHREADS\RELEASE\MULTBUTTONEX.OBJ
C:\VISUALCSTUDY\USERTHREADS\RELEASE\MULTISPLITTERVIEW.OBJ
C:\VISUALCSTUDY\USERTHREADS\RELEASE\MYTABCTRL.OBJ
C:\VISUALCSTUDY\USERTHREADS\RELEASE\NAKLFORM.OBJ
C:\VISUALCSTUDY\USERTHREADS\RELEASE\NODEITEM.OBJ
C:\VISUALCSTUDY\USERTHREADS\RELEASE\NTREE.OBJ
C:\VISUALCSTUDY\USERTHREADS\RELEASE\OUTPUTWND.OBJ
C:\VISUALCSTUDY\USERTHREADS\RELEASE\PICTURE.OBJ
C:\VISUALCSTUDY\USERTHREADS\RELEASE\POINTSETTINGS.OBJ
C:\VISUALCSTUDY\USERTHREADS\RELEASE\POPUPMENU.OBJ
C:\VISUALCSTUDY\USERTHREADS\RELEASE\PPLAPRINTER.OBJ
C:\VISUALCSTUDY\USERTHREADS\RELEASE\PSDLGINSERTGOOD.OBJ
C:\VISUALCSTUDY\USERTHREADS\RELEASE\PUPTEXT.OBJ
C:\visualcstudy\UserThreads\Release\rc.command.1.tlog
C:\visualcstudy\UserThreads\Release\rc.read.1.tlog
C:\visualcstudy\UserThreads\Release\rc.write.1.tlog
C:\VISUALCSTUDY\USERTHREADS\RELEASE\RECICLINGVIEW.OBJ
C:\VISUALCSTUDY\USERTHREADS\RELEASE\REGISTER.OBJ
C:\VISUALCSTUDY\USERTHREADS\RELEASE\REPORTFRAME.OBJ
C:\VISUALCSTUDY\USERTHREADS\RELEASE\REPORTVIEW.OBJ
C:\VISUALCSTUDY\USERTHREADS\RELEASE\REPOSITORY.OBJ
C:\VISUALCSTUDY\USERTHREADS\RELEASE\RETURNDOC.OBJ
C:\VISUALCSTUDY\USERTHREADS\RELEASE\RETURNVIEW.OBJ
C:\VISUALCSTUDY\USERTHREADS\RELEASE\SALARYDOC.OBJ
C:\VISUALCSTUDY\USERTHREADS\RELEASE\SECONDSTEPPAGE.OBJ
C:\VISUALCSTUDY\USERTHREADS\RELEASE\SPLASH.OBJ
C:\VISUALCSTUDY\USERTHREADS\RELEASE\STATLINK.OBJ
C:\VISUALCSTUDY\USERTHREADS\RELEASE\STDAFX.OBJ
C:\VISUALCSTUDY\USERTHREADS\RELEASE\SUPERTREE.OBJ
C:\VISUALCSTUDY\USERTHREADS\RELEASE\TABLEVALUE1.OBJ
C:\VISUALCSTUDY\USERTHREADS\RELEASE\THIRDSTEPPAGE.OBJ
C:\VISUALCSTUDY\USERTHREADS\RELEASE\TREENODE.OBJ
C:\VISUALCSTUDY\USERTHREADS\RELEASE\UPFOLDERTABCTRL.OBJ
C:\VISUALCSTUDY\USERTHREADS\RELEASE\USERTHREADS.EXE
C:\VISUALCSTUDY\USERTHREADS\RELEASE\USERTHREADS.EXE.INTERMEDIATE.MANIFEST
C:\VISUALCSTUDY\USERTHREADS\RELEASE\USERTHREADS.MAP
C:\VISUALCSTUDY\USERTHREADS\RELEASE\USERTHREADS.OBJ
C:\VISUALCSTUDY\USERTHREADS\RELEASE\USERTHREADS.PCH
C:\VISUALCSTUDY\USERTHREADS\RELEASE\USERTHREADS.PDB
C:\VISUALCSTUDY\USERTHREADS\RELEASE\USERTHREADS.RES
C:\VISUALCSTUDY\USERTHREADS\RELEASE\USERTHREADSVIEW.OBJ
C:\VISUALCSTUDY\USERTHREADS\RELEASE\VC100.PDB
C:\VISUALCSTUDY\USERTHREADS\RELEASE\VIEWMANAGER.OBJ
C:\visualcstudy\UserThreads\Release\vsflex7.tlh
C:\visualcstudy\UserThreads\Release\vsflex7.tli
C:\VISUALCSTUDY\USERTHREADS\RELEASE\VSFLEXDATASOURCE.OBJ
C:\VISUALCSTUDY\USERTHREADS\RELEASE\VSFLEXGRID.OBJ
C:\VISUALCSTUDY\USERTHREADS\RELEASE\WINDOWTABCTRL.OBJ
C:\VISUALCSTUDY\USERTHREADS\RELEASE\WNTRETCOMBOBOX.OBJ
C:\VISUALCSTUDY\USERTHREADS\RELEASE\WNTRETEDIT.OBJ
C:\VISUALCSTUDY\USERTHREADS\RELEASE\ZREPORTDOC.OBJ
C:\VISUALCSTUDY\USERTHREADS\RELEASE\ZREPORTVIEW.OBJ
C:\VISUALCSTUDY\USERTHREADS\RELEASE\ZREPORTWIZARD.OBJ
